[2025-05-27 13:24:09.816] [INFO] [dev.kostromdan.mods.crash_assistant.app.CrashAssistantApp]: CrashAssistantApp running: JVM args: [-XX:+UseSerialGC, -XX:MaxHeapFreeRatio=30, -XX:MinHeapFreeRatio=10, -XX:MaxGCPauseMillis=10000, -Xms8m, -Xmx512m]
[2025-05-27 13:24:09.819] [INFO] [dev.kostromdan.mods.crash_assistant.app.CrashAssistantApp]: CrashAssistantApp running: program args: [-jarPath, C:\Users\HP\curseforge\minecraft\Instances\Boundless Fixed\local\crash_assistant\18324_1748345022_app.jar, -parentPID, 18324, -parentStarted, 1748345022240, -platform, FORGE, -loaderJarName, fmlloader-1.20.1-47.4.0.jar, -minecraftVersion, 1.20.1, -childProcessesPIDs, VU5ERUZJTkVE, -crashAssistantModJarPath, C:\Users\HP\curseforge\minecraft\Instances\Boundless Fixed\mods\CrashAssistant-forge-1.19.2-1.20.1-1.8.0.jar, -log4jApi, C:\Users\HP\curseforge\minecraft\Install\libraries\org\apache\logging\log4j\log4j-api\2.19.0\log4j-api-2.19.0.jar, -log4jCore, C:\Users\HP\curseforge\minecraft\Install\libraries\org\apache\logging\log4j\log4j-core\2.19.0\log4j-core-2.19.0.jar, -googleGson, C:\Users\HP\curseforge\minecraft\Install\libraries\com\google\code\gson\gson\2.10\gson-2.10.jar, -commonIo, C:\Users\HP\curseforge\minecraft\Install\libraries\commons-io\commons-io\2.11.0\commons-io-2.11.0.jar, -lwjglNatives, C:\Users\HP\curseforge\minecraft\Install\libraries\org\lwjgl\lwjgl\3.3.1\lwjgl-3.3.1-natives-windows.jar, -processor, 11th Gen Intel(R) Core(TM) i5-1145G7 @ 2.60GHz, -serialisedGPUs, VnVsa2FuIGNsYXNzZXMgb3IgbHdqZ2xOYXRpdmVzIG5vdCBmb3VuZCwgZmFsbGluZyBiYWNrIHRvIERpcmVjdFgKU3VjY2Vzc2Z1bGx5IGRldGVjdGVkIEdQVXMgdXNpbmcgRGlyZWN0WDoKSmF2YSB2ZXJzaW9uIGlzIDw9IDIxLiBVc2luZyBKTkkuCklOVEVHUkFURUQgOiBJbnRlbChSKSBJcmlzKFIpIFhlIEdyYXBoaWNzCg==, -recursiveStart]
[2025-05-27 13:24:09.819] [INFO] [dev.kostromdan.mods.crash_assistant.app.CrashAssistantApp]: CrashAssistantApp running from: C:\Users\HP\curseforge\minecraft\Instances\Boundless Fixed
[2025-05-27 13:24:09.820] [INFO] [dev.kostromdan.mods.crash_assistant.app.CrashAssistantApp]: Parent PID: 18324
[2025-05-27 13:24:09.820] [INFO] [dev.kostromdan.mods.crash_assistant.app.CrashAssistantApp]: Parent started: 1748345022240
[2025-05-27 13:24:09.822] [INFO] [dev.kostromdan.mods.crash_assistant.app.CrashAssistantApp]: Platform: FORGE
[2025-05-27 13:24:09.822] [INFO] [dev.kostromdan.mods.crash_assistant.app.CrashAssistantApp]: loaderJarName: fmlloader-1.20.1-47.4.0.jar
[2025-05-27 13:24:09.822] [INFO] [dev.kostromdan.mods.crash_assistant.app.CrashAssistantApp]: minecraftVersion: 1.20.1
[2025-05-27 13:24:09.823] [INFO] [dev.kostromdan.mods.crash_assistant.app.CrashAssistantApp]: childProcessesPIDs: UNDEFINED
[2025-05-27 13:24:09.823] [INFO] [dev.kostromdan.mods.crash_assistant.app.CrashAssistantApp]: crashAssistantJarName: CrashAssistant-forge-1.19.2-1.20.1-1.8.0.jar
[2025-05-27 13:24:09.830] [INFO] [dev.kostromdan.mods.crash_assistant.app.CrashAssistantApp]: Java path: C:\Users\HP\curseforge\minecraft\Install\runtime\java-runtime-gamma\windows-x64\java-runtime-gamma\bin\javaw.exe
[2025-05-27 13:24:09.830] [INFO] [dev.kostromdan.mods.crash_assistant.app.CrashAssistantApp]: Java version: 17.0.15+6-LTS
[2025-05-27 13:24:09.831] [INFO] [dev.kostromdan.mods.crash_assistant.app.CrashAssistantApp]: Boot.serialisedGPUs:
Vulkan classes or lwjglNatives not found, falling back to DirectX
Successfully detected GPUs using DirectX:
Java version is <= 21. Using JNI.
INTEGRATED : Intel(R) Iris(R) Xe Graphics

[2025-05-27 13:24:09.860] [INFO] [dev.kostromdan.mods.crash_assistant.app.CrashAssistantApp]: CrashAssistantApp started successfully. Waiting for PID 18324 to stop.
[2025-05-27 13:25:14.512] [INFO] [dev.kostromdan.mods.crash_assistant.app.CrashAssistantApp]: Minecraft is running on renderer:
Intel(R) Iris(R) Xe Graphics
[2025-05-27 14:30:49.726] [INFO] [dev.kostromdan.mods.crash_assistant.app.CrashAssistantApp]: PID "18324" is not alive or reused by another process. Minecraft JVM appears to have stopped.
[2025-05-27 14:30:50.036] [INFO] [dev.kostromdan.mods.crash_assistant.app.CrashAssistantApp]: Adding latest.log from C:\Users\HP\curseforge\minecraft\Instances\Boundless Fixed\logs\latest.log
[2025-05-27 14:30:50.445] [INFO] [dev.kostromdan.mods.crash_assistant.app.CrashAssistantApp]: Adding CurseForge: launcher_log.txt from C:\Users\HP\curseforge\minecraft\Instances\Boundless Fixed\..\..\Install\launcher_log.txt
[2025-05-27 14:30:50.481] [INFO] [dev.kostromdan.mods.crash_assistant.app.CrashAssistantApp]: Adding crash_assistant_app.log from C:\Users\HP\curseforge\minecraft\Instances\Boundless Fixed\logs\crash_assistant\crash_assistant_app.log
[2025-05-27 14:30:50.488] [INFO] [dev.kostromdan.mods.crash_assistant.app.CrashAssistantApp]: Reached first tick of TitleScreen: true
[2025-05-27 14:30:50.489] [INFO] [dev.kostromdan.mods.crash_assistant.app.CrashAssistantApp]: Joined world successfully: true
[2025-05-27 14:30:50.490] [INFO] [dev.kostromdan.mods.crash_assistant.app.CrashAssistantApp]: Stop function of Minecraft fired: true
[2025-05-27 14:30:50.492] [INFO] [dev.kostromdan.mods.crash_assistant.app.CrashAssistantApp]: Seems like Minecraft finished normally. Trying to locate terminated processes and Exiting Crash Assistant app.
